<?xml version="1.0" encoding="UTF-8"?>
<!-- Generated by org.testng.reporters.JUnitXMLReporter -->
<testsuite ignored="2" hostname="DESKTOP-G16KJF8" failures="1" tests="1" name="org.oniesoft.tests.OrderTest.DeliveredOrderWithValidData" time="68.633" errors="0" timestamp="2024-07-15T15:02:44 IST">
  <testcase classname="org.oniesoft.tests.OrderTest" name="DeliveredOrderWithValidData" time="68.195">
    <failure type="java.lang.AssertionError" message="null">
      <![CDATA[java.lang.AssertionError: null
at oniesoft.api.reporting.ExtentTestManager.setFailMessageInReport(ExtentTestManager.java:76)
at oniesoft.WebFramework.BrowserFunctions.click(BrowserFunctions.java:81)
at org.oniesoft.Orders.clickPendingTabCheckBox(Orders.java:35)
at org.oniesoft.tests.OrderTest.DeliveredOrderWithValidData(OrderTest.java:87)
at java.base/java.util.ArrayList.forEach(ArrayList.java:1511)
at oniesoft.WebFramework.TestReader.run(TestReader.java:57)
at oniesoft.WebFramework.Runner.runOneIteration(Runner.java:201)
at oniesoft.WebFramework.Runner.run(Runner.java:65)
at org.oniesoft.runner.TestRunner.main(TestRunner.java:7)
... Removed 26 stack frames]]>
    </failure>
  </testcase> <!-- DeliveredOrderWithValidData -->
  <testcase classname="org.oniesoft.tests.OrderTest" name="confirmPendingOrderWithValidData" time="0.0">
    <ignored/>
  </testcase> <!-- confirmPendingOrderWithValidData -->
  <testcase classname="org.oniesoft.tests.OrderTest" name="confirmOrderWithValidData" time="0.0">
    <ignored/>
  </testcase> <!-- confirmOrderWithValidData -->
</testsuite> <!-- org.oniesoft.tests.OrderTest.DeliveredOrderWithValidData -->
