<?xml version="1.0" encoding="UTF-8"?>
<!-- Generated by org.testng.reporters.JUnitXMLReporter -->
<testsuite ignored="1" hostname="DESKTOP-G16KJF8" failures="1" tests="1" name="org.oniesoft.tests.CategoriesTest.addItemsInSubCategoryWithValidDate" time="9.174" errors="0" timestamp="2024-07-15T21:12:30 IST">
  <testcase classname="org.oniesoft.tests.CategoriesTest" name="addItemsInSubCategoryWithValidDate" time="8.867">
    <failure type="java.lang.AssertionError" message="null">
      <![CDATA[java.lang.AssertionError: null
at oniesoft.api.reporting.ExtentTestManager.setFailMessageInReport(ExtentTestManager.java:76)
at oniesoft.WebFramework.BrowserFunctions.selectDropdown(BrowserFunctions.java:273)
at org.oniesoft.Categories.selectMainCategoryList(Categories.java:107)
at org.oniesoft.tests.CategoriesTest.addItemsInSubCategoryWithValidDate(CategoriesTest.java:67)
at java.base/java.util.ArrayList.forEach(ArrayList.java:1511)
at oniesoft.WebFramework.TestReader.run(TestReader.java:57)
at oniesoft.WebFramework.Runner.runOneIteration(Runner.java:201)
at oniesoft.WebFramework.Runner.run(Runner.java:65)
at org.oniesoft.runner.TestRunner.main(TestRunner.java:7)
... Removed 26 stack frames]]>
    </failure>
  </testcase> <!-- addItemsInSubCategoryWithValidDate -->
  <testcase classname="org.oniesoft.tests.CategoriesTest" name="addItemsInCategoryWithValidDate" time="0.0">
    <ignored/>
  </testcase> <!-- addItemsInCategoryWithValidDate -->
</testsuite> <!-- org.oniesoft.tests.CategoriesTest.addItemsInSubCategoryWithValidDate -->
