<?xml version="1.0" encoding="UTF-8"?>
<!-- Generated by org.testng.reporters.JUnitXMLReporter -->
<testsuite ignored="1" hostname="DESKTOP-G16KJF8" failures="1" tests="1" name="org.oniesoft.tests.LoginTest.testLoginWithInvalidPassword" time="1.146" errors="0" timestamp="2024-07-10T15:13:01 IST">
  <testcase classname="org.oniesoft.tests.LoginTest" name="testLoginWithInvalidPassword" time="0.856">
    <failure type="java.lang.AssertionError" message="null">
        <![CDATA[java.lang.AssertionError: null
at oniesoft.api.reporting.ExtentTestManager.setFailMessageInReport(ExtentTestManager.java:76)
at oniesoft.WebFramework.BrowserFunctions.getText(BrowserFunctions.java:135)
at oniesoft.WebFramework.BrowserFunctions.verifyElementContainsText(BrowserFunctions.java:654)
at org.oniesoft.SignInPage.inValidCredentials(SignInPage.java:44)
at org.oniesoft.tests.LoginTest.testLoginWithInvalidPassword(LoginTest.java:57)
at java.base/java.util.ArrayList.forEach(ArrayList.java:1511)
at oniesoft.WebFramework.TestReader.run(TestReader.java:57)
at oniesoft.WebFramework.Runner.runOneIteration(Runner.java:201)
at oniesoft.WebFramework.Runner.runRangeOfIterations(Runner.java:170)
at oniesoft.WebFramework.Runner.run(Runner.java:68)
at org.oniesoft.runner.TestRunner.main(TestRunner.java:7)
... Removed 26 stack frames]]>
    </failure>
  </testcase> <!-- testLoginWithInvalidPassword -->
  <testcase classname="org.oniesoft.tests.LoginTest" name="testLoginWithValidCreds" time="0.0">
    <ignored/>
  </testcase> <!-- testLoginWithValidCreds -->
</testsuite> <!-- org.oniesoft.tests.LoginTest.testLoginWithInvalidPassword -->
