<?xml version="1.0" encoding="UTF-8"?>
<!-- Generated by org.testng.reporters.JUnitXMLReporter -->
<testsuite ignored="0" hostname="DESKTOP-G16KJF8" failures="1" tests="1" name="org.oniesoft.tests.ApplicationTest.applicationDetails" time="60.381" errors="0" timestamp="2024-07-09T15:23:30 IST">
  <testcase classname="org.oniesoft.tests.ApplicationTest" name="applicationDetails" time="60.02">
    <failure type="java.lang.AssertionError" message="null">
        <![CDATA[java.lang.AssertionError: null
at oniesoft.api.reporting.ExtentTestManager.setFailMessageInReport(ExtentTestManager.java:76)
at oniesoft.WebFramework.BrowserFunctions.getElement(BrowserFunctions.java:65)
at oniesoft.WebFramework.BrowserFunctions.enterText(BrowserFunctions.java:117)
at org.oniesoft.SignInPage.fillEmail(SignInPage.java:20)
at org.oniesoft.tests.ApplicationTest.applicationDetails(ApplicationTest.java:28)
at java.base/java.util.ArrayList.forEach(ArrayList.java:1511)
at oniesoft.WebFramework.TestReader.run(TestReader.java:57)
at oniesoft.WebFramework.Runner.runOneIteration(Runner.java:201)
at oniesoft.WebFramework.Runner.runRangeOfIterations(Runner.java:170)
at oniesoft.WebFramework.Runner.run(Runner.java:68)
at org.oniesoft.runner.TestRunner.main(TestRunner.java:7)
... Removed 26 stack frames]]>
    </failure>
  </testcase> <!-- applicationDetails -->
</testsuite> <!-- org.oniesoft.tests.ApplicationTest.applicationDetails -->
