<?xml version="1.0" encoding="UTF-8"?>
<!-- Generated by org.testng.reporters.JUnitReportReporter -->
<testsuite hostname="DESKTOP-G16KJF8" failures="1" tests="1" name="org.oniesoft.tests.CategoriesTest" time="8.867" errors="0" timestamp="2024-07-15T21:12:31 IST" skipped="0">
  <testcase classname="org.oniesoft.tests.CategoriesTest" name="addItemsInSubCategoryWithValidDate" time="8.867">
    <failure message="null" type="java.lang.AssertionError">
      <![CDATA[java.lang.AssertionError: null
at org.testng.Assert.fail(Assert.java:111)
at org.testng.Assert.fail(Assert.java:116)
at oniesoft.api.reporting.ExtentTestManager.setFailMessageInReport(ExtentTestManager.java:76)
at oniesoft.WebFramework.BrowserFunctions.selectDropdown(BrowserFunctions.java:273)
at org.oniesoft.Categories.selectMainCategoryList(Categories.java:107)
at org.oniesoft.tests.CategoriesTest.addItemsInSubCategoryWithValidDate(CategoriesTest.java:67)
at java.base/jdk.internal.reflect.NativeMethodAccessorImpl.invoke0(Native Method)
at java.base/jdk.internal.reflect.NativeMethodAccessorImpl.invoke(NativeMethodAccessorImpl.java:77)
at java.base/jdk.internal.reflect.DelegatingMethodAccessorImpl.invoke(DelegatingMethodAccessorImpl.java:43)
at java.base/java.lang.reflect.Method.invoke(Method.java:568)
at org.testng.internal.invokers.MethodInvocationHelper.invokeMethod(MethodInvocationHelper.java:139)
at org.testng.internal.invokers.TestInvoker.invokeMethod(TestInvoker.java:664)
at org.testng.internal.invokers.TestInvoker.invokeTestMethod(TestInvoker.java:228)
at org.testng.internal.invokers.MethodRunner.runInSequence(MethodRunner.java:63)
at org.testng.internal.invokers.TestInvoker$MethodInvocationAgent.invoke(TestInvoker.java:961)
at org.testng.internal.invokers.TestInvoker.invokeTestMethods(TestInvoker.java:201)
at org.testng.internal.invokers.TestMethodWorker.invokeTestMethods(TestMethodWorker.java:148)
at org.testng.internal.invokers.TestMethodWorker.run(TestMethodWorker.java:128)
at java.base/java.util.ArrayList.forEach(ArrayList.java:1511)
at org.testng.TestRunner.privateRun(TestRunner.java:819)
at org.testng.TestRunner.run(TestRunner.java:619)
at org.testng.SuiteRunner.runTest(SuiteRunner.java:443)
at org.testng.SuiteRunner.runSequentially(SuiteRunner.java:437)
at org.testng.SuiteRunner.privateRun(SuiteRunner.java:397)
at org.testng.SuiteRunner.run(SuiteRunner.java:336)
at org.testng.SuiteRunnerWorker.runSuite(SuiteRunnerWorker.java:52)
at org.testng.SuiteRunnerWorker.run(SuiteRunnerWorker.java:95)
at org.testng.TestNG.runSuitesSequentially(TestNG.java:1301)
at org.testng.TestNG.runSuitesLocally(TestNG.java:1228)
at org.testng.TestNG.runSuites(TestNG.java:1134)
at org.testng.TestNG.run(TestNG.java:1101)
at oniesoft.WebFramework.TestReader.run(TestReader.java:57)
at oniesoft.WebFramework.Runner.runOneIteration(Runner.java:201)
at oniesoft.WebFramework.Runner.run(Runner.java:65)
at org.oniesoft.runner.TestRunner.main(TestRunner.java:7)
]]>
    </failure>
  </testcase> <!-- addItemsInSubCategoryWithValidDate -->
</testsuite> <!-- org.oniesoft.tests.CategoriesTest -->
